<?xml version="1.0" encoding="UTF-8"?>
<!-- Generated by org.testng.reporters.JUnitXMLReporter -->
<testsuite ignored="0" hostname="LAPTOP-POCHI3TQ" failures="0" tests="3" name="Default test" time="0.05" errors="0" timestamp="2024-03-21T17:30:31 IST">
  <testcase classname="seleniumScript.TestNGDemo" name="TC1" time="0.004"/>
  <testcase classname="seleniumScript.TestNGDemo" name="TC3" time="0.003"/>
  <testcase classname="seleniumScript.TestNGDemo" name="TC2" time="0.004"/>
</testsuite> <!-- Default test -->
