<?xml version="1.0" encoding="UTF-8"?>
<testng-results ignored="0" total="3" passed="3" failed="0" skipped="0">
  <reporter-output>
  </reporter-output>
  <suite started-at="2024-03-21T17:30:31 IST" name="Default suite" finished-at="2024-03-21T17:30:31 IST" duration-ms="50">
    <groups>
    </groups>
    <test started-at="2024-03-21T17:30:31 IST" name="Default test" finished-at="2024-03-21T17:30:31 IST" duration-ms="50">
      <class name="seleniumScript.TestNGDemo">
        <test-method is-config="true" signature="m1()[pri:0, instance:seleniumScript.TestNGDemo@5d534f5d]" started-at="2024-03-21T17:30:31 IST" name="m1" finished-at="2024-03-21T17:30:31 IST" duration-ms="5" status="PASS">
          <reporter-output>
          </reporter-output>
        </test-method> <!-- m1 -->
        <test-method is-config="true" signature="m3()[pri:0, instance:seleniumScript.TestNGDemo@5d534f5d]" started-at="2024-03-21T17:30:31 IST" name="m3" finished-at="2024-03-21T17:30:31 IST" duration-ms="1" status="PASS">
          <reporter-output>
          </reporter-output>
        </test-method> <!-- m3 -->
        <test-method is-config="true" signature="m5()[pri:0, instance:seleniumScript.TestNGDemo@5d534f5d]" started-at="2024-03-21T17:30:31 IST" name="m5" finished-at="2024-03-21T17:30:31 IST" duration-ms="0" status="PASS">
          <reporter-output>
          </reporter-output>
        </test-method> <!-- m5 -->
        <test-method is-config="true" signature="m6()[pri:0, instance:seleniumScript.TestNGDemo@5d534f5d]" started-at="2024-03-21T17:30:31 IST" name="m6" finished-at="2024-03-21T17:30:31 IST" duration-ms="1" status="PASS">
          <reporter-output>
          </reporter-output>
        </test-method> <!-- m6 -->
        <test-method signature="TC1()[pri:1, instance:seleniumScript.TestNGDemo@5d534f5d]" started-at="2024-03-21T17:30:31 IST" name="TC1" finished-at="2024-03-21T17:30:31 IST" duration-ms="4" status="PASS">
          <reporter-output>
          </reporter-output>
        </test-method> <!-- TC1 -->
        <test-method is-config="true" signature="m7()[pri:0, instance:seleniumScript.TestNGDemo@5d534f5d]" started-at="2024-03-21T17:30:31 IST" name="m7" finished-at="2024-03-21T17:30:31 IST" duration-ms="0" status="PASS">
          <reporter-output>
          </reporter-output>
        </test-method> <!-- m7 -->
        <test-method signature="TC3()[pri:2, instance:seleniumScript.TestNGDemo@5d534f5d]" started-at="2024-03-21T17:30:31 IST" name="TC3" finished-at="2024-03-21T17:30:31 IST" duration-ms="3" status="PASS">
          <reporter-output>
          </reporter-output>
        </test-method> <!-- TC3 -->
        <test-method is-config="true" signature="m6()[pri:0, instance:seleniumScript.TestNGDemo@5d534f5d]" started-at="2024-03-21T17:30:31 IST" name="m6" finished-at="2024-03-21T17:30:31 IST" duration-ms="0" status="PASS">
          <reporter-output>
          </reporter-output>
        </test-method> <!-- m6 -->
        <test-method is-config="true" signature="m7()[pri:0, instance:seleniumScript.TestNGDemo@5d534f5d]" started-at="2024-03-21T17:30:31 IST" name="m7" finished-at="2024-03-21T17:30:31 IST" duration-ms="1" status="PASS">
          <reporter-output>
          </reporter-output>
        </test-method> <!-- m7 -->
        <test-method is-config="true" signature="m6()[pri:0, instance:seleniumScript.TestNGDemo@5d534f5d]" started-at="2024-03-21T17:30:31 IST" name="m6" finished-at="2024-03-21T17:30:31 IST" duration-ms="1" status="PASS">
          <reporter-output>
          </reporter-output>
        </test-method> <!-- m6 -->
        <test-method signature="TC2()[pri:3, instance:seleniumScript.TestNGDemo@5d534f5d]" started-at="2024-03-21T17:30:31 IST" name="TC2" finished-at="2024-03-21T17:30:31 IST" duration-ms="4" status="PASS">
          <reporter-output>
          </reporter-output>
        </test-method> <!-- TC2 -->
        <test-method is-config="true" signature="m7()[pri:0, instance:seleniumScript.TestNGDemo@5d534f5d]" started-at="2024-03-21T17:30:31 IST" name="m7" finished-at="2024-03-21T17:30:31 IST" duration-ms="1" status="PASS">
          <reporter-output>
          </reporter-output>
        </test-method> <!-- m7 -->
        <test-method is-config="true" signature="m8()[pri:0, instance:seleniumScript.TestNGDemo@5d534f5d]" started-at="2024-03-21T17:30:31 IST" name="m8" finished-at="2024-03-21T17:30:31 IST" duration-ms="0" status="PASS">
          <reporter-output>
          </reporter-output>
        </test-method> <!-- m8 -->
        <test-method is-config="true" signature="m4()[pri:0, instance:seleniumScript.TestNGDemo@5d534f5d]" started-at="2024-03-21T17:30:31 IST" name="m4" finished-at="2024-03-21T17:30:31 IST" duration-ms="0" status="PASS">
          <reporter-output>
          </reporter-output>
        </test-method> <!-- m4 -->
        <test-method is-config="true" signature="m2()[pri:0, instance:seleniumScript.TestNGDemo@5d534f5d]" started-at="2024-03-21T17:30:31 IST" name="m2" finished-at="2024-03-21T17:30:31 IST" duration-ms="0" status="PASS">
          <reporter-output>
          </reporter-output>
        </test-method> <!-- m2 -->
      </class> <!-- seleniumScript.TestNGDemo -->
    </test> <!-- Default test -->
  </suite> <!-- Default suite -->
</testng-results>
