<?xml version="1.0" encoding="UTF-8"?>
<testng-results ignored="0" total="1" passed="1" failed="0" skipped="0">
  <reporter-output>
  </reporter-output>
  <suite started-at="2024-02-12T16:53:16 IST" name="Default suite" finished-at="2024-02-12T16:53:55 IST" duration-ms="39447">
    <groups>
    </groups>
    <test started-at="2024-02-12T16:53:16 IST" name="Default test" finished-at="2024-02-12T16:53:55 IST" duration-ms="39447">
      <class name="seleniumScript.CuraHealthCare_MakeAppointment_TC003">
        <test-method is-config="true" signature="setUp()[pri:0, instance:seleniumScript.CuraHealthCare_MakeAppointment_TC003@2ea41516]" started-at="2024-02-12T16:53:16 IST" name="setUp" finished-at="2024-02-12T16:53:46 IST" duration-ms="30402" status="PASS">
          <reporter-output>
          </reporter-output>
        </test-method> <!-- setUp -->
        <test-method signature="testLogout()[pri:0, instance:seleniumScript.CuraHealthCare_MakeAppointment_TC003@2ea41516]" started-at="2024-02-12T16:53:46 IST" name="testLogout" finished-at="2024-02-12T16:53:55 IST" duration-ms="8817" status="PASS">
          <reporter-output>
          </reporter-output>
        </test-method> <!-- testLogout -->
        <test-method is-config="true" signature="tearDown()[pri:0, instance:seleniumScript.CuraHealthCare_MakeAppointment_TC003@2ea41516]" started-at="2024-02-12T16:53:55 IST" name="tearDown" finished-at="2024-02-12T16:53:55 IST" duration-ms="205" status="PASS">
          <reporter-output>
          </reporter-output>
        </test-method> <!-- tearDown -->
      </class> <!-- seleniumScript.CuraHealthCare_MakeAppointment_TC003 -->
    </test> <!-- Default test -->
  </suite> <!-- Default suite -->
</testng-results>
